<?xml version="1.0" encoding="UTF-8"?>
<testsuite xmlns:xsi="http://www.w3.org/2001/XMLSchema-instance" xsi:noNamespaceSchemaLocation="https://maven.apache.org/surefire/maven-surefire-plugin/xsd/surefire-test-report-3.0.xsd" version="3.0" name="com.wiredesk.mtmx.mapping.CompletenessAuditorTest" time="0.134" tests="3" errors="0" skipped="0" failures="0">
  <properties>
[...]
</properties>
  <testcase name="completeDocPassesWithOnlyWarnings" classname="com.wiredesk.mtmx.mapping.CompletenessAuditorTest" time="0.062"/>
  <testcase name="flagsCodeListLookupWithoutTable" classname="com.wiredesk.mtmx.mapping.CompletenessAuditorTest" time="0.008"/>
  <testcase name="flagsMissingTopLevelKeys" classname="com.wiredesk.mtmx.mapping.CompletenessAuditorTest" time="0.003"/>
</testsuite>